<?xml version="1.0" encoding="UTF-8"?>
<testng-results ignored="0" total="2" passed="2" failed="0" skipped="0">
  <reporter-output>
    <line>
      <![CDATA[Instagram]]>
    </line>
    <line>
      <![CDATA[hello]]>
    </line>
  </reporter-output>
  <suite started-at="2024-06-12T19:34:16 IST" name="Default suite" finished-at="2024-06-12T19:34:22 IST" duration-ms="5328">
    <groups>
    </groups>
    <test started-at="2024-06-12T19:34:16 IST" name="Default test" finished-at="2024-06-12T19:34:22 IST" duration-ms="5328">
      <class name="com.submitoproffer.testscript.CustomerModule">
        <test-method signature="demo()[pri:0, instance:com.submitoproffer.testscript.CustomerModule@201a4587]" started-at="2024-06-12T19:34:16 IST" name="demo" finished-at="2024-06-12T19:34:22 IST" duration-ms="5269" status="PASS">
          <reporter-output>
            <line>
              <![CDATA[Instagram]]>
            </line>
          </reporter-output>
        </test-method> <!-- demo -->
        <test-method signature="demoA()[pri:0, instance:com.submitoproffer.testscript.CustomerModule@201a4587]" started-at="2024-06-12T19:34:22 IST" name="demoA" finished-at="2024-06-12T19:34:22 IST" duration-ms="2" status="PASS">
          <reporter-output>
            <line>
              <![CDATA[hello]]>
            </line>
          </reporter-output>
        </test-method> <!-- demoA -->
      </class> <!-- com.submitoproffer.testscript.CustomerModule -->
    </test> <!-- Default test -->
  </suite> <!-- Default suite -->
</testng-results>
